[10:24:53] === worker started ===
[32m●[39m [1mList directory [22m.
  └ 12 files found

[32m●[39m [1mList directory [22minternal
  └ 7 files found

[32m●[39m [1mRead [22mgo.mod
  └ 10 lines read

[32m●[39m [1mCheck composer directory contents [22m(shell)
  │ ls /Volumes/SATECHI_WD_BLACK_2/dev/teststop/internal/composer/
  └ 1 line...

Confirmed: `internal/composer/` is empty. Now executing the steps:

[32m●[39m [1mRun go mod tidy to generate go.sum [22m(shell)
  │ cd /Volumes/SATECHI_WD_BLACK_2/dev/teststop && go mod tidy 2>&1
  └ 2 lines...

[32m●[39m [1mVerify go.sum created and remove empty composer dir [22m(shell)
  │ ls /Volumes/SATECHI_WD_BLACK_2/dev/teststop/go.sum && rm -rf
  │ /Volumes/SATECHI_WD_BLACK_2/dev/teststop/internal/composer && echo "Done"
  └ 3 lines...

[32m●[39m [1mBuild all packages [22m(shell)
  │ cd /Volumes/SATECHI_WD_BLACK_2/dev/teststop && go build ./... 2>&1
  └ 1 line...

[32m●[39m [1mRun all tests [22m(shell)
  │ cd /Volumes/SATECHI_WD_BLACK_2/dev/teststop && go test ./... 2>&1
  └ 14 lines...

One test is failing. Let me investigate:

[32m●[39m [1mList directory [22minternal/memory
  └ 5 files found

[32m●[39m [1mRead [22mstore_test.go
  │ internal/memory/store_test.go
  └ 85 lines read

[32m●[39m [1mRead [22mstore.go
  │ internal/memory/store.go
  └ 151 lines read

[32m●[39m [1mRead [22mconfidence.go
  │ internal/memory/confidence.go
  └ 203 lines read

[32m●[39m [1mRead [22mretire.go
  │ internal/memory/retire.go
  └ 61 lines read

[32m●[39m [1mRead [22mconfidence_test.go
  │ internal/memory/confidence_test.go
  └ 100 lines read

The test expects retirement after 15 passes, but `PassWeight = 0.06` only reaches ~0.60 confidence (needs ~49 passes to hit 0.95). The comment says "roughly 16 passes" — the constant is wrong. Let me validate the math and fix it:

[32m●[39m [1mVerify PassWeight math for all tests [22m(shell)
  │ python3 -c "
  │ # Simulate nudgeUp with different PassWeights to find needed value
  │ def nudge_up(c, w):
  │ return c + (1 - c) * w…
  └ 33 lines...

`PassWeight = 0.06` is the bug. With `0.19`: 15 passes → 0.9576 > 0.95 ✓, 50 passes → 0.99997 (< 1.0 and ≥ 0.9) ✓. Fixing:

[32m●[39m [1mEdit [22mconfidence.go [32m+2[39m [31m-2[39m
  └ internal/memory/confidence.go

[32m●[39m [1mRun all tests after PassWeight fix [22m(shell)
  │ cd /Volumes/SATECHI_WD_BLACK_2/dev/teststop && go test ./... 2>&1
  └ 10 lines...

All tests green. Now running the smoke test and final verifications:

[32m●[39m [1mSmoke test dry-run path [22m(shell)
  │ cd /Volumes/SATECHI_WD_BLACK_2/dev/teststop && go run ./cmd/teststop run
  │ --dry-run --path . 2>&1 | head -60
  └ 61 lines...

[32m●[39m [1mVerify no placeholder tokens in dry-run output [22m(shell)
  │ cd /Volumes/SATECHI_WD_BLACK_2/dev/teststop && go run ./cmd/teststop run
  │ --dry-run --path . 2>&1 | grep -c '{{'
  └ 2 lines...

[32m●[39m [1mTest version and mandate --show commands [22m(shell)
  │ cd /Volumes/SATECHI_WD_BLACK_2/dev/teststop && go run ./cmd/teststop
  │ --version 2>&1 && go run ./cmd/teststop mandate --show 2>&1 | head -5
  └ 7 lines...

[32m●[39m [1mTest status command and tidy idempotency [22m(shell)
  │ cd /Volumes/SATECHI_WD_BLACK_2/dev/teststop && go run ./cmd/teststop status
  │ 2>&1 && echo "---" && go mod tidy && echo "go.sum unchanged check:" && diff
  │ <(git -C . ls-files go.sum 2>/dev/null; cat go.sum) <(cat go.sum) && echo
  │ "idempotent ✓"
  └ 7 lines...

All acceptance criteria met. Now committing:

